\BOOKMARK [1][-]{section.1}{\376\377\0001\000\040\000I\000n\000t\000r\000o\000d\000u\000c\000t\000i\000o\000n}{}% 1
\BOOKMARK [2][-]{subsection.1.1}{\376\377\0001\000.\0001\000\040\000M\000o\000t\000i\000v\000a\000t\000i\000o\000n}{section.1}% 2
\BOOKMARK [2][-]{subsection.1.2}{\376\377\0001\000.\0002\000\040\000P\000r\000o\000b\000a\000b\000i\000l\000i\000s\000t\000i\000c\000\040\000r\000e\000g\000r\000e\000s\000s\000i\000o\000n}{section.1}% 3
\BOOKMARK [2][-]{subsection.1.3}{\376\377\0001\000.\0003\000\040\000D\000a\000t\000a}{section.1}% 4
\BOOKMARK [2][-]{subsection.1.4}{\376\377\0001\000.\0004\000\040\000M\000o\000d\000e\000l\000s}{section.1}% 5
\BOOKMARK [1][-]{section.2}{\376\377\0002\000\040\000R\000e\000l\000a\000t\000e\000d\000\040\000w\000o\000r\000k}{}% 6
\BOOKMARK [1][-]{section.3}{\376\377\0003\000\040\000P\000r\000o\000b\000a\000b\000i\000l\000i\000s\000t\000i\000c\000\040\000M\000o\000d\000e\000l\000i\000n\000g}{}% 7
\BOOKMARK [2][-]{subsection.3.1}{\376\377\0003\000.\0001\000\040\000B\000a\000y\000e\000s\000i\000a\000n\000\040\000r\000e\000g\000r\000e\000s\000s\000i\000o\000n\000\040\000m\000o\000d\000e\000l\000i\000n\000g}{section.3}% 8
\BOOKMARK [2][-]{subsection.3.2}{\376\377\0003\000.\0002\000\040\000B\000a\000y\000e\000s\000i\000a\000n\000\040\000N\000e\000u\000r\000a\000l\000\040\000N\000e\000t\000w\000o\000r\000k\000s}{section.3}% 9
\BOOKMARK [3][-]{subsubsection.3.2.1}{\376\377\0003\000.\0002\000.\0001\000\040\000N\000e\000u\000r\000a\000l\000\040\000n\000e\000t\000w\000o\000r\000k\000s}{subsection.3.2}% 10
\BOOKMARK [3][-]{subsubsection.3.2.2}{\376\377\0003\000.\0002\000.\0002\000\040\000N\000e\000u\000r\000a\000l\000\040\000n\000e\000t\000w\000o\000r\000k\000s\000\040\000i\000n\000\040\000B\000a\000y\000e\000s\000i\000a\000n\000\040\000s\000e\000t\000t\000i\000n\000g\000s}{subsection.3.2}% 11
\BOOKMARK [3][-]{subsubsection.3.2.3}{\376\377\0003\000.\0002\000.\0003\000\040\000V\000a\000r\000i\000a\000t\000i\000o\000n\000a\000l\000\040\000i\000n\000f\000e\000r\000e\000n\000c\000e\000\040\000a\000n\000d\000\040\000K\000u\000l\000l\000b\000a\000c\000k\000-\000L\000e\000i\000b\000l\000e\000r\000\040\000d\000i\000v\000e\000r\000g\000e\000n\000c\000e}{subsection.3.2}% 12
\BOOKMARK [2][-]{subsection.3.3}{\376\377\0003\000.\0003\000\040\000M\000i\000x\000t\000u\000r\000e\000\040\000D\000e\000n\000s\000i\000t\000y\000\040\000N\000e\000t\000w\000o\000r\000k\000s}{section.3}% 13
\BOOKMARK [1][-]{section.4}{\376\377\0004\000\040\000M\000o\000d\000e\000l\000\040\000e\000v\000a\000l\000u\000a\000t\000i\000o\000n\000\040\000m\000e\000t\000h\000o\000d\000s}{}% 14
\BOOKMARK [2][-]{subsection.4.1}{\376\377\0004\000.\0001\000\040\000P\000r\000o\000b\000a\000b\000i\000l\000i\000s\000t\000i\000c\000\040\000F\000o\000r\000e\000c\000a\000s\000t}{section.4}% 15
\BOOKMARK [3][-]{subsubsection.4.1.1}{\376\377\0004\000.\0001\000.\0001\000\040\000P\000r\000e\000d\000i\000c\000t\000i\000o\000n\000\040\000s\000p\000a\000c\000e\000s}{subsection.4.1}% 16
\BOOKMARK [3][-]{subsubsection.4.1.2}{\376\377\0004\000.\0001\000.\0002\000\040\000D\000i\000s\000p\000e\000r\000s\000i\000o\000n\000\040\000a\000n\000d\000\040\000s\000h\000a\000r\000p\000n\000e\000s\000s}{subsection.4.1}% 17
\BOOKMARK [2][-]{subsection.4.2}{\376\377\0004\000.\0002\000\040\000P\000r\000o\000p\000e\000r\000\040\000S\000c\000o\000r\000i\000n\000g\000\040\000r\000u\000l\000e\000s}{section.4}% 18
\BOOKMARK [3][-]{subsubsection.4.2.1}{\376\377\0004\000.\0002\000.\0001\000\040\000L\000o\000g\000a\000r\000i\000t\000h\000m\000i\000c\000\040\000s\000c\000o\000r\000e\000\040\000\050\000L\000S\000\051}{subsection.4.2}% 19
\BOOKMARK [3][-]{subsubsection.4.2.2}{\376\377\0004\000.\0002\000.\0002\000\040\000C\000o\000n\000t\000i\000n\000u\000o\000u\000s\000l\000y\000\040\000r\000a\000n\000k\000e\000d\000\040\000p\000r\000o\000b\000a\000b\000i\000l\000i\000t\000y\000\040\000s\000c\000o\000r\000e\000\040\000\050\000C\000R\000P\000S\000\051}{subsection.4.2}% 20
\BOOKMARK [3][-]{subsubsection.4.2.3}{\376\377\0004\000.\0002\000.\0003\000\040\000D\000a\000w\000i\000d\040\023\000S\000e\000b\000a\000s\000t\000i\000a\000n\000i\000\040\000s\000c\000o\000r\000e\000\040\000\050\000D\000S\000S\000\051}{subsection.4.2}% 21
\BOOKMARK [3][-]{subsubsection.4.2.4}{\376\377\0004\000.\0002\000.\0004\000\040\000C\000o\000m\000p\000u\000t\000a\000t\000i\000o\000n\000\040\000o\000f\000\040\000s\000c\000o\000r\000i\000n\000g\000\040\000r\000u\000l\000e\000s}{subsection.4.2}% 22
\BOOKMARK [2][-]{subsection.4.3}{\376\377\0004\000.\0003\000\040\000R\000a\000n\000k\000\040\000H\000i\000s\000t\000o\000g\000r\000a\000m}{section.4}% 23
\BOOKMARK [2][-]{subsection.4.4}{\376\377\0004\000.\0004\000\040\000F\000e\000a\000t\000u\000r\000e\000\040\000I\000m\000p\000o\000r\000t\000a\000n\000c\000e}{section.4}% 24
\BOOKMARK [1][-]{section.5}{\376\377\0005\000\040\000R\000e\000s\000u\000l\000t\000s}{}% 25
\BOOKMARK [2][-]{subsection.5.1}{\376\377\0005\000.\0001\000\040\000D\000a\000t\000a\000\040\000u\000s\000e\000d}{section.5}% 26
\BOOKMARK [2][-]{subsection.5.2}{\376\377\0005\000.\0002\000\040\000E\000v\000a\000l\000u\000a\000t\000i\000o\000n\000\040\000o\000f\000\040\000t\000h\000e\000\040\000m\000o\000d\000e\000l\000s}{section.5}% 27
\BOOKMARK [1][-]{section.6}{\376\377\0006\000\040\000I\000m\000p\000l\000e\000m\000e\000n\000t\000a\000t\000i\000o\000n}{}% 28
\BOOKMARK [2][-]{subsection.6.1}{\376\377\0006\000.\0001\000\040\000P\000r\000e\000p\000a\000r\000i\000n\000g\000\040\000t\000h\000e\000\040\000d\000a\000t\000a}{section.6}% 29
\BOOKMARK [3][-]{subsubsection.6.1.1}{\376\377\0006\000.\0001\000.\0001\000\040\000D\000o\000w\000n\000l\000o\000a\000d\000\040\000m\000o\000d\000u\000l\000e}{subsection.6.1}% 30
\BOOKMARK [3][-]{subsubsection.6.1.2}{\376\377\0006\000.\0001\000.\0002\000\040\000P\000r\000e\000p\000r\000o\000c\000e\000s\000s\000\040\000m\000o\000d\000u\000l\000e}{subsection.6.1}% 31
\BOOKMARK [3][-]{subsubsection.6.1.3}{\376\377\0006\000.\0001\000.\0003\000\040\000D\000e\000s\000c\000r\000i\000p\000t\000i\000o\000n\000\040\000m\000o\000d\000u\000l\000e}{subsection.6.1}% 32
\BOOKMARK [3][-]{subsubsection.6.1.4}{\376\377\0006\000.\0001\000.\0004\000\040\000P\000r\000e\000p\000r\000o\000c\000e\000s\000s\000\040\000L\000U\000\040\000B\000W}{subsection.6.1}% 33
\BOOKMARK [3][-]{subsubsection.6.1.5}{\376\377\0006\000.\0001\000.\0005\000\040\000L\000o\000a\000d\000e\000r\000\040\000m\000o\000d\000u\000l\000e}{subsection.6.1}% 34
\BOOKMARK [2][-]{subsection.6.2}{\376\377\0006\000.\0002\000\040\000M\000o\000d\000e\000l\000s\000\040\000i\000m\000p\000l\000e\000m\000e\000n\000t\000a\000t\000i\000o\000n\000s}{section.6}% 35
\BOOKMARK [3][-]{subsubsection.6.2.1}{\376\377\0006\000.\0002\000.\0001\000\040\000M\000i\000x\000t\000u\000r\000e\000\040\000d\000e\000n\000s\000i\000t\000y\000\040\000n\000e\000t\000w\000o\000r\000k\000s}{subsection.6.2}% 36
\BOOKMARK [3][-]{subsubsection.6.2.2}{\376\377\0006\000.\0002\000.\0002\000\040\000B\000a\000y\000e\000s\000i\000a\000n\000\040\000n\000e\000u\000r\000a\000l\000\040\000n\000e\000t\000w\000o\000r\000k\000s}{subsection.6.2}% 37
\BOOKMARK [2][-]{subsection.6.3}{\376\377\0006\000.\0003\000\040\000M\000o\000d\000e\000l\000\040\000t\000r\000a\000i\000n\000i\000n\000g}{section.6}% 38
\BOOKMARK [2][-]{subsection.6.4}{\376\377\0006\000.\0004\000\040\000M\000o\000d\000e\000l\000s\000\040\000e\000v\000a\000l\000u\000a\000t\000i\000o\000n}{section.6}% 39
\BOOKMARK [2][-]{subsection.6.5}{\376\377\0006\000.\0005\000\040\000A\000u\000x\000i\000l\000i\000a\000r\000y\000\040\000s\000c\000r\000i\000p\000t\000s}{section.6}% 40
\BOOKMARK [3][-]{subsubsection.6.5.1}{\376\377\0006\000.\0005\000.\0001\000\040\000R\000u\000n\000\040\000G\000e\000n\000e\000r\000a\000t\000i\000o\000n\000\040\000p\000i\000p\000e\000l\000i\000n\000e}{subsection.6.5}% 41
\BOOKMARK [3][-]{subsubsection.6.5.2}{\376\377\0006\000.\0005\000.\0002\000\040\000C\000l\000e\000a\000n\000\040\000e\000n\000v}{subsection.6.5}% 42
\BOOKMARK [1][-]{section.7}{\376\377\0007\000\040\000C\000o\000n\000c\000l\000u\000s\000i\000o\000n}{}% 43
\BOOKMARK [2][-]{subsection.7.1}{\376\377\0007\000.\0001\000\040\000S\000u\000m\000m\000e\000r\000y}{section.7}% 44
\BOOKMARK [2][-]{subsection.7.2}{\376\377\0007\000.\0002\000\040\000D\000i\000s\000c\000u\000s\000s\000i\000o\000n}{section.7}% 45
